[0904/104027.032:ERROR:process_reader_win.cc(182)] ResumeThread: The parameter is incorrect. (0x57)
[0904/104027.032:ERROR:process_reader_win.cc(151)] SuspendThread: Access is denied. (0x5)
[0904/104027.032:ERROR:process_reader_win.cc(151)] SuspendThread: Access is denied. (0x5)
[0904/104027.032:ERROR:process_reader_win.cc(151)] SuspendThread: Access is denied. (0x5)
[0904/104027.032:ERROR:process_reader_win.cc(151)] SuspendThread: Access is denied. (0x5)
[0904/104027.032:ERROR:process_reader_win.cc(151)] SuspendThread: Access is denied. (0x5)
[0904/104027.032:ERROR:process_reader_win.cc(123)] NtOpenThread: An invalid Client ID was specified. (0xc000000b)
[0904/104027.036:ERROR:process_reader_win.cc(151)] SuspendThread: Access is denied. (0x5)
[0904/104027.036:ERROR:process_reader_win.cc(151)] SuspendThread: Access is denied. (0x5)
[0904/104027.036:ERROR:process_reader_win.cc(151)] SuspendThread: Access is denied. (0x5)
[0904/104027.036:ERROR:process_reader_win.cc(151)] SuspendThread: Access is denied. (0x5)
[0904/104027.036:ERROR:process_reader_win.cc(151)] SuspendThread: Access is denied. (0x5)
[0904/104027.036:ERROR:exception_snapshot_win.cc(88)] thread ID 4320 not found in process
[0910/174148.583:ERROR:crash_report_database_win.cc(569)] CreateDirectory C:\Users\mege\AppData\Local\Temp\scoped_dir2824_32347\Crashpad: There is not enough space on the disk. (0x70)
[0910/174148.583:ERROR:registration_protocol_win.cc(84)] TransactNamedPipe: The pipe has been ended. (0x6D)
[0910/174148.583:ERROR:crash_report_database_win.cc(569)] CreateDirectory C:\Users\mege\AppData\Local\Temp\scoped_dir2824_32347\Crashpad: There is not enough space on the disk. (0x70)
[0910/174211.605:ERROR:crash_report_database_win.cc(569)] CreateDirectory C:\Users\mege\AppData\Local\Temp\scoped_dir7908_8415\Crashpad: There is not enough space on the disk. (0x70)
[0910/174211.605:ERROR:registration_protocol_win.cc(84)] TransactNamedPipe: The pipe has been ended. (0x6D)
[0910/174211.605:ERROR:crash_report_database_win.cc(569)] CreateDirectory C:\Users\mege\AppData\Local\Temp\scoped_dir7908_8415\Crashpad: There is not enough space on the disk. (0x70)
[0930/081449.484:ERROR:crash_report_database_win.cc(569)] CreateDirectory C:\Users\mege\AppData\Local\Temp\scoped_dir2596_24192\Crashpad: There is not enough space on the disk. (0x70)
[0930/081449.494:ERROR:registration_protocol_win.cc(84)] TransactNamedPipe: The pipe has been ended. (0x6D)
[0930/081449.494:ERROR:crash_report_database_win.cc(569)] CreateDirectory C:\Users\mege\AppData\Local\Temp\scoped_dir2596_24192\Crashpad: There is not enough space on the disk. (0x70)
[1031/145234.315:ERROR:crash_report_database_win.cc(569)] CreateDirectory C:\Users\mege\AppData\Local\Temp\scoped_dir9272_11990\Crashpad: There is not enough space on the disk. (0x70)
[1031/145234.315:ERROR:registration_protocol_win.cc(84)] TransactNamedPipe: The pipe has been ended. (0x6D)
[1031/145234.315:ERROR:crash_report_database_win.cc(569)] CreateDirectory C:\Users\mege\AppData\Local\Temp\scoped_dir9272_11990\Crashpad: There is not enough space on the disk. (0x70)
[1031/222143.076:ERROR:process_info.cc(359)] UncheckedAllocate
[1031/222143.085:ERROR:file_io.cc(134)] WriteFile: There is not enough space on the disk. (0x70)
[1031/222143.085:ERROR:crash_report_exception_handler.cc(111)] WriteEverything failed
[1031/222143.085:ERROR:filesystem_win.cc(148)] DeleteFile C:\Users\mege\AppData\Local\Temp\scoped_dir4388_24252\Crashpad\reports\0ff67c27-ac5a-4256-9568-3036107617bd.dmp: The process cannot access the file because it is being used by another process. (0x20)
[1031/222143.722:ERROR:file_io.cc(134)] WriteFile: There is not enough space on the disk. (0x70)
[1031/222143.722:ERROR:crash_report_exception_handler.cc(111)] WriteEverything failed
[1031/222143.722:ERROR:filesystem_win.cc(148)] DeleteFile C:\Users\mege\AppData\Local\Temp\scoped_dir4388_24252\Crashpad\reports\e597a7e6-0896-4269-a66b-4619fd4cae19.dmp: The process cannot access the file because it is being used by another process. (0x20)
[1101/195108.828:ERROR:process_info.cc(359)] UncheckedAllocate
[1101/210755.624:ERROR:prune_crash_reports.cc(34)] PruneCrashReportDatabase: Failed to get pending reports
